{"numTotalTestSuites":295,"numPassedTestSuites":293,"numFailedTestSuites":2,"numPendingTestSuites":0,"numTotalTests":1059,"numPassedTests":1058,"numFailedTests":1,"numPendingTests":0,"numTodoTests":0,"snapshot":{"added":0,"failure":false,"filesAdded":0,"filesRemoved":0,"filesRemovedList":[],"filesUnmatched":0,"filesUpdated":0,"matched":0,"total":0,"unchecked":0,"uncheckedKeysByFile":[],"unmatched":0,"updated":0,"didUpdate":false},"startTime":1783577518194,"success":false,"testResults":[{"assertionResults":[{"ancestorTitles":["PWA assets"],"fullName":"PWA assets declares a browser-only install manifest","status":"passed","title":"declares a browser-only install manifest","duration":1.9235000000000184,"failureMessages":[],"meta":{},"tags":[]},{"ancestorTitles":["PWA assets"],"fullName":"PWA assets keeps the temporary no-cache service worker contract","status":"passed","title":"keeps the temporary no-cache service worker contract","duration":0.5878000000000156,"failureMessages":[],"meta":{},"tags":[]}],"startTime":1783577567567,"endTime":1783577567569.588,"status":"passed","message":"","name":"C:/Indian Servers/Math Universe Visualizations/src/pwa-assets.test.ts"},{"assertionResults":[{"ancestorTitles":["AR Math Lab equation classifier"],"fullName":"AR Math Lab equation classifier classifies explicit surfaces","status":"passed","title":"classifies explicit surfaces","duration":3.012500000000017,"failureMessages":[],"meta":{},"tags":[]},{"ancestorTitles":["AR Math Lab equation classifier"],"fullName":"AR Math Lab equation classifier classifies parametric curves","status":"passed","title":"classifies parametric curves","duration":0.6086999999999989,"failureMessages":[],"meta":{},"tags":[]},{"ancestorTitles":["AR Math Lab equation classifier"],"fullName":"AR Math Lab equation classifier recognizes supported implicit surfaces as predefined shapes","status":"passed","title":"recognizes supported implicit surfaces as predefined shapes","duration":0.44640000000001123,"failureMessages":[],"meta":{},"tags":[]},{"ancestorTitles":["AR Math Lab equation classifier"],"fullName":"AR Math Lab equation classifier classifies geometry solids with real-world dimensions","status":"passed","title":"classifies geometry solids with real-world dimensions","duration":2.4872000000000014,"failureMessages":[],"meta":{},"tags":[]},{"ancestorTitles":["AR Math Lab equation classifier"],"fullName":"AR Math Lab equation classifier returns helpful unknown input results","status":"passed","title":"returns helpful unknown input results","duration":0.5625,"failureMessages":[],"meta":{},"tags":[]},{"ancestorTitles":["AR Math Lab unit conversion"],"fullName":"AR Math Lab unit conversion converts supported units to meters","status":"passed","title":"converts supported units to meters","duration":0.2703000000000202,"failureMessages":[],"meta":{},"tags":[]}],"startTime":1783577551815,"endTime":1783577551822.2703,"status":"passed","message":"","name":"C:/Indian Servers/Math Universe Visualizations/src/ar-math-lab/arEquationClassifier.test.ts"},{"assertionResults":[{"ancestorTitles":["AR Math Lab geometry solids"],"fullName":"AR Math Lab geometry solids calculates cone values and AR meter dimensions","status":"passed","title":"calculates cone values and AR meter dimensions","duration":4.645600000000002,"failureMessages":[],"meta":{},"tags":[]},{"ancestorTitles":["AR Math Lab geometry solids"],"fullName":"AR Math Lab geometry solids calculates cylinder values","status":"passed","title":"calculates cylinder values","duration":1.216399999999993,"failureMessages":[],"meta":{},"tags":[]},{"ancestorTitles":["AR Math Lab geometry solids"],"fullName":"AR Math Lab geometry solids calculates cuboid and cube values","status":"passed","title":"calculates cuboid and cube values","duration":0.31490000000002283,"failureMessages":[],"meta":{},"tags":[]},{"ancestorTitles":["AR Math Lab geometry solids"],"fullName":"AR Math Lab geometry solids calculates sphere and hemisphere values","status":"passed","title":"calculates sphere and hemisphere values","duration":0.379099999999994,"failureMessages":[],"meta":{},"tags":[]},{"ancestorTitles":["AR Math Lab geometry solids"],"fullName":"AR Math Lab geometry solids parses frustum, torus, prism, pyramid, and box inputs","status":"passed","title":"parses frustum, torus, prism, pyramid, and box inputs","duration":0.6869999999999834,"failureMessages":[],"meta":{},"tags":[]},{"ancestorTitles":["AR Math Lab geometry solids"],"fullName":"AR Math Lab geometry solids validates missing and invalid dimensions","status":"passed","title":"validates missing and invalid dimensions","duration":0.5490000000000066,"failureMessages":[],"meta":{},"tags":[]},{"ancestorTitles":["AR Math Lab geometry solids"],"fullName":"AR Math Lab geometry solids warns about default units and preserves scale modes","status":"passed","title":"warns about default units and preserves scale modes","duration":0.3369999999999891,"failureMessages":[],"meta":{},"tags":[]}],"startTime":1783577554495,"endTime":1783577554502.549,"status":"passed","message":"","name":"C:/Indian Servers/Math Universe Visualizations/src/ar-math-lab/arGeometrySolids.test.ts"},{"assertionResults":[{"ancestorTitles":["AR Math Lab graph generator"],"fullName":"AR Math Lab graph generator generates an explicit surface mesh without using unsafe evaluation","status":"passed","title":"generates an explicit surface mesh without using unsafe evaluation","duration":3.4351000000000056,"failureMessages":[],"meta":{},"tags":[]},{"ancestorTitles":["AR Math Lab graph generator"],"fullName":"AR Math Lab graph generator generates a parametric curve from x(t), y(t), z(t)","status":"passed","title":"generates a parametric curve from x(t), y(t), z(t)","duration":0.8363999999999976,"failureMessages":[],"meta":{},"tags":[]},{"ancestorTitles":["AR Math Lab graph generator"],"fullName":"AR Math Lab graph generator generates a parametric surface from x(u,v), y(u,v), z(u,v)","status":"passed","title":"generates a parametric surface from x(u,v), y(u,v), z(u,v)","duration":2.6103999999999985,"failureMessages":[],"meta":{},"tags":[]},{"ancestorTitles":["AR Math Lab graph generator"],"fullName":"AR Math Lab graph generator generates recognized implicit shapes through predefined renderers","status":"passed","title":"generates recognized implicit shapes through predefined renderers","duration":7.795400000000001,"failureMessages":[],"meta":{},"tags":[]},{"ancestorTitles":["AR Math Lab graph generator"],"fullName":"AR Math Lab graph generator creates parameter slider specs for adjustable equations","status":"passed","title":"creates parameter slider specs for adjustable equations","duration":1.0409999999999968,"failureMessages":[],"meta":{},"tags":[]},{"ancestorTitles":["AR Math Lab graph generator"],"fullName":"AR Math Lab graph generator rejects unsupported implicit equations with a helpful error","status":"passed","title":"rejects unsupported implicit equations with a helpful error","duration":1.1162999999999954,"failureMessages":[],"meta":{},"tags":[]},{"ancestorTitles":["AR Math Lab graph generator"],"fullName":"AR Math Lab graph generator rejects dangerous or invalid expression alert(1)","status":"passed","title":"rejects dangerous or invalid expression alert(1)","duration":0.2547000000000139,"failureMessages":[],"meta":{},"tags":[]},{"ancestorTitles":["AR Math Lab graph generator"],"fullName":"AR Math Lab graph generator rejects dangerous or invalid expression window.location","status":"passed","title":"rejects dangerous or invalid expression window.location","duration":0.12959999999998217,"failureMessages":[],"meta":{},"tags":[]},{"ancestorTitles":["AR Math Lab graph generator"],"fullName":"AR Math Lab graph generator rejects dangerous or invalid expression document.cookie","status":"passed","title":"rejects dangerous or invalid expression document.cookie","duration":0.20939999999998804,"failureMessages":[],"meta":{},"tags":[]},{"ancestorTitles":["AR Math Lab graph generator"],"fullName":"AR Math Lab graph generator rejects dangerous or invalid expression constructor.constructor","status":"passed","title":"rejects dangerous or invalid expression constructor.constructor","duration":0.18810000000001992,"failureMessages":[],"meta":{},"tags":[]},{"ancestorTitles":["AR Math Lab graph generator"],"fullName":"AR Math Lab graph generator rejects dangerous or invalid expression while(true){}","status":"passed","title":"rejects dangerous or invalid expression while(true){}","duration":0.12180000000000746,"failureMessages":[],"meta":{},"tags":[]},{"ancestorTitles":["AR Math Lab graph generator"],"fullName":"AR Math Lab graph generator rejects dangerous or invalid expression import something","status":"passed","title":"rejects dangerous or invalid expression import something","duration":0.11050000000000182,"failureMessages":[],"meta":{},"tags":[]},{"ancestorTitles":["AR Math Lab graph generator"],"fullName":"AR Math Lab graph generator rejects dangerous or invalid expression process.env","status":"passed","title":"rejects dangerous or invalid expression process.env","duration":0.0946999999999889,"failureMessages":[],"meta":{},"tags":[]},{"ancestorTitles":["AR Math Lab graph generator"],"fullName":"AR Math Lab graph generator rejects dangerous or invalid expression x + + y","status":"passed","title":"rejects dangerous or invalid expression x + + y","duration":0.2518000000000029,"failureMessages":[],"meta":{},"tags":[]}],"startTime":1783577540368,"endTime":1783577540386.2517,"status":"passed","message":"","name":"C:/Indian Servers/Math Universe Visualizations/src/ar-math-lab/arGraphGenerator.test.ts"},{"assertionResults":[{"ancestorTitles":["AR Math Lab interactive tools"],"fullName":"AR Math Lab interactive tools creates free measurements with calculated labels","status":"passed","title":"creates free measurements with calculated labels","duration":1.7319999999999993,"failureMessages":[],"meta":{},"tags":[]},{"ancestorTitles":["AR Math Lab interactive tools"],"fullName":"AR Math Lab interactive tools creates dimension measurements from generated solids","status":"passed","title":"creates dimension measurements from generated solids","duration":2.626800000000003,"failureMessages":[],"meta":{},"tags":[]},{"ancestorTitles":["AR Math Lab interactive tools"],"fullName":"AR Math Lab interactive tools builds animation presets for selected objects","status":"passed","title":"builds animation presets for selected objects","duration":0.28199999999998226,"failureMessages":[],"meta":{},"tags":[]},{"ancestorTitles":["AR Math Lab interactive tools"],"fullName":"AR Math Lab interactive tools returns lessons, feedback, and comparison summaries","status":"passed","title":"returns lessons, feedback, and comparison summaries","duration":1.4388999999999896,"failureMessages":[],"meta":{},"tags":[]},{"ancestorTitles":["AR Math Lab interactive tools"],"fullName":"AR Math Lab interactive tools serializes and validates scene JSON","status":"passed","title":"serializes and validates scene JSON","duration":1.4416999999999973,"failureMessages":[],"meta":{},"tags":[]}],"startTime":1783577553402,"endTime":1783577553409.4417,"status":"passed","message":"","name":"C:/Indian Servers/Math Universe Visualizations/src/ar-math-lab/arInteractiveTools.test.ts"},{"assertionResults":[{"ancestorTitles":["arLearningEngine"],"fullName":"arLearningEngine explains wave parameter changes with a live formula","status":"passed","title":"explains wave parameter changes with a live formula","duration":2.3682000000000016,"failureMessages":[],"meta":{},"tags":[]},{"ancestorTitles":["arLearningEngine"],"fullName":"arLearningEngine warns students when a paraboloid is mistaken for a sphere","status":"passed","title":"warns students when a paraboloid is mistaken for a sphere","duration":0.22580000000002087,"failureMessages":[],"meta":{},"tags":[]},{"ancestorTitles":["arLearningEngine"],"fullName":"arLearningEngine connects cone dimension changes to radius-squared volume growth","status":"passed","title":"connects cone dimension changes to radius-squared volume growth","duration":2.4543000000000177,"failureMessages":[],"meta":{},"tags":[]},{"ancestorTitles":["arLearningEngine"],"fullName":"arLearningEngine spots implicit cylinders when z is unrestricted","status":"passed","title":"spots implicit cylinders when z is unrestricted","duration":0.19540000000000646,"failureMessages":[],"meta":{},"tags":[]},{"ancestorTitles":["arLearningEngine"],"fullName":"arLearningEngine summarizes cone versus cylinder comparison for classroom discussion","status":"passed","title":"summarizes cone versus cylinder comparison for classroom discussion","duration":1.278099999999995,"failureMessages":[],"meta":{},"tags":[]},{"ancestorTitles":["arLearningEngine"],"fullName":"arLearningEngine summarizes paraboloid versus saddle comparison","status":"passed","title":"summarizes paraboloid versus saddle comparison","duration":0.17079999999998563,"failureMessages":[],"meta":{},"tags":[]}],"startTime":1783577555224,"endTime":1783577555231.278,"status":"passed","message":"","name":"C:/Indian Servers/Math Universe Visualizations/src/ar-math-lab/arLearningEngine.test.ts"},{"assertionResults":[{"ancestorTitles":["AR Math Lab production hardening"],"fullName":"AR Math Lab production hardening caps graph settings in performance mode","status":"passed","title":"caps graph settings in performance mode","duration":1.813999999999993,"failureMessages":[],"meta":{},"tags":[]},{"ancestorTitles":["AR Math Lab production hardening"],"fullName":"AR Math Lab production hardening detects high-resolution risk","status":"passed","title":"detects high-resolution risk","duration":0.22579999999999245,"failureMessages":[],"meta":{},"tags":[]},{"ancestorTitles":["AR Math Lab production hardening"],"fullName":"AR Math Lab production hardening disposes geometries, materials, and textures","status":"passed","title":"disposes geometries, materials, and textures","duration":2.010200000000026,"failureMessages":[],"meta":{},"tags":[]}],"startTime":1783577558549,"endTime":1783577558553.0103,"status":"passed","message":"","name":"C:/Indian Servers/Math Universe Visualizations/src/ar-math-lab/arProductionHardening.test.ts"},{"assertionResults":[{"ancestorTitles":["detectARSupport"],"fullName":"detectARSupport recommends AR when secure WebXR immersive-ar is supported","status":"passed","title":"recommends AR when secure WebXR immersive-ar is supported","duration":1.7220000000000084,"failureMessages":[],"meta":{},"tags":[]},{"ancestorTitles":["detectARSupport"],"fullName":"detectARSupport falls back to camera preview when WebXR AR is unavailable but camera exists","status":"passed","title":"falls back to camera preview when WebXR AR is unavailable but camera exists","duration":0.2529999999999859,"failureMessages":[],"meta":{},"tags":[]},{"ancestorTitles":["detectARSupport"],"fullName":"detectARSupport falls back to 3D preview when no AR or camera support can be found","status":"passed","title":"falls back to 3D preview when no AR or camera support can be found","duration":0.24340000000000828,"failureMessages":[],"meta":{},"tags":[]}],"startTime":1783577568125,"endTime":1783577568127.253,"status":"passed","message":"","name":"C:/Indian Servers/Math Universe Visualizations/src/ar-math-lab/arSupport.test.ts"},{"assertionResults":[{"ancestorTitles":["ConceptMapPage"],"fullName":"ConceptMapPage renders the concept map route shell and default selected concept details","status":"passed","title":"renders the concept map route shell and default selected concept details","duration":44.105699999999956,"failureMessages":[],"meta":{},"tags":[]},{"ancestorTitles":["ConceptMapPage"],"fullName":"ConceptMapPage renders student, teacher, explorer modes and module filters","status":"passed","title":"renders student, teacher, explorer modes and module filters","duration":23.66610000000003,"failureMessages":[],"meta":{},"tags":[]}],"startTime":1783577532138,"endTime":1783577532205.666,"status":"passed","message":"","name":"C:/Indian Servers/Math Universe Visualizations/src/concept-map/ConceptMapPage.test.tsx"},{"assertionResults":[{"ancestorTitles":["concept map data and utilities"],"fullName":"concept map data and utilities ships a large enough Phase 1 knowledge graph","status":"passed","title":"ships a large enough Phase 1 knowledge graph","duration":2.0557999999999765,"failureMessages":[],"meta":{},"tags":[]},{"ancestorTitles":["concept map data and utilities"],"fullName":"concept map data and utilities resolves core concept relationships","status":"passed","title":"resolves core concept relationships","duration":0.980700000000013,"failureMessages":[],"meta":{},"tags":[]},{"ancestorTitles":["concept map data and utilities"],"fullName":"concept map data and utilities filters by search, category, difficulty, and module","status":"passed","title":"filters by search, category, difficulty, and module","duration":0.6090000000000089,"failureMessages":[],"meta":{},"tags":[]},{"ancestorTitles":["concept map data and utilities"],"fullName":"concept map data and utilities finds a learning path across categories","status":"passed","title":"finds a learning path across categories","duration":1.40270000000001,"failureMessages":[],"meta":{},"tags":[]},{"ancestorTitles":["concept map data and utilities"],"fullName":"concept map data and utilities reports readiness and module count","status":"passed","title":"reports readiness and module count","duration":0.40049999999999386,"failureMessages":[],"meta":{},"tags":[]}],"startTime":1783577562176,"endTime":1783577562181.4004,"status":"passed","message":"","name":"C:/Indian Servers/Math Universe Visualizations/src/concept-map/conceptMapUtils.test.ts"},{"assertionResults":[{"ancestorTitles":["casCommandRegistry"],"fullName":"casCommandRegistry tracks implemented, partial, and planned CAS command coverage","status":"passed","title":"tracks implemented, partial, and planned CAS command coverage","duration":2.060399999999987,"failureMessages":[],"meta":{},"tags":[]},{"ancestorTitles":["casCommandRegistry"],"fullName":"casCommandRegistry normalizes GeoGebra-style aliases and searches metadata","status":"passed","title":"normalizes GeoGebra-style aliases and searches metadata","duration":1.322199999999981,"failureMessages":[],"meta":{},"tags":[]},{"ancestorTitles":["casCommandRegistry"],"fullName":"casCommandRegistry keeps commands discoverable with examples and signatures","status":"passed","title":"keeps commands discoverable with examples and signatures","duration":0.1512000000000171,"failureMessages":[],"meta":{},"tags":[]},{"ancestorTitles":["casCommandRegistry"],"fullName":"casCommandRegistry suggests close commands and validates argument counts","status":"passed","title":"suggests close commands and validates argument counts","duration":3.506399999999985,"failureMessages":[],"meta":{},"tags":[]}],"startTime":1783577558120,"endTime":1783577558127.5063,"status":"passed","message":"","name":"C:/Indian Servers/Math Universe Visualizations/src/cas/casCommandRegistry.test.ts"},{"assertionResults":[{"ancestorTitles":["casGeoGebraParity"],"fullName":"casGeoGebraParity tracks GeoGebra CAS coverage and remaining gaps","status":"passed","title":"tracks GeoGebra CAS coverage and remaining gaps","duration":6.460700000000003,"failureMessages":[],"meta":{},"tags":[]},{"ancestorTitles":["casGeoGebraParity"],"fullName":"casGeoGebraParity marks direct and equivalent commands separately","status":"passed","title":"marks direct and equivalent commands separately","duration":3.0182000000000073,"failureMessages":[],"meta":{},"tags":[]}],"startTime":1783577548330,"endTime":1783577548339.0183,"status":"passed","message":"","name":"C:/Indian Servers/Math Universe Visualizations/src/cas/casGeoGebraParity.test.ts"},{"assertionResults":[{"ancestorTitles":["casNotebookEngine"],"fullName":"casNotebookEngine runs cells in worksheet order and resolves assignments plus answer references","status":"passed","title":"runs cells in worksheet order and resolves assignments plus answer references","duration":7.323199999999986,"failureMessages":[],"meta":{},"tags":[]},{"ancestorTitles":["casNotebookEngine"],"fullName":"casNotebookEngine can evaluate one cell using earlier solved worksheet memory","status":"passed","title":"can evaluate one cell using earlier solved worksheet memory","duration":0.7555999999999585,"failureMessages":[],"meta":{},"tags":[]},{"ancestorTitles":["casNotebookEngine"],"fullName":"casNotebookEngine keeps numeric mode separate from exact mode","status":"passed","title":"keeps numeric mode separate from exact mode","duration":1.3771000000000413,"failureMessages":[],"meta":{},"tags":[]},{"ancestorTitles":["casNotebookEngine"],"fullName":"casNotebookEngine adds deeper matrix and list summaries","status":"passed","title":"adds deeper matrix and list summaries","duration":0.8231000000000108,"failureMessages":[],"meta":{},"tags":[]},{"ancestorTitles":["casNotebookEngine"],"fullName":"casNotebookEngine exposes stronger symbolic operations through notebook cells","status":"passed","title":"exposes stronger symbolic operations through notebook cells","duration":39.236500000000035,"failureMessages":[],"meta":{},"tags":[]},{"ancestorTitles":["casNotebookEngine"],"fullName":"casNotebookEngine exports a markdown solution notebook","status":"passed","title":"exports a markdown solution notebook","duration":4.4375,"failureMessages":[],"meta":{},"tags":[]}],"startTime":1783577533856,"endTime":1783577533909.4375,"status":"passed","message":"","name":"C:/Indian Servers/Math Universe Visualizations/src/cas/casNotebookEngine.test.ts"},{"assertionResults":[{"ancestorTitles":["casParser"],"fullName":"casParser parses nested command arguments without splitting inner commas","status":"passed","title":"parses nested command arguments without splitting inner commas","duration":2.5585000000000093,"failureMessages":[],"meta":{},"tags":[]},{"ancestorTitles":["casParser"],"fullName":"casParser supports natural commands and bare expressions","status":"passed","title":"supports natural commands and bare expressions","duration":0.8909999999999911,"failureMessages":[],"meta":{},"tags":[]},{"ancestorTitles":["casParser"],"fullName":"casParser does not warn for implemented commands and reports delimiter errors","status":"passed","title":"does not warn for implemented commands and reports delimiter errors","duration":0.6544000000000096,"failureMessages":[],"meta":{},"tags":[]},{"ancestorTitles":["casParser"],"fullName":"casParser adds typo suggestions and command arity errors","status":"passed","title":"adds typo suggestions and command arity errors","duration":2.4878999999999962,"failureMessages":[],"meta":{},"tags":[]},{"ancestorTitles":["casParser"],"fullName":"casParser exports reusable argument and delimiter helpers","status":"passed","title":"exports reusable argument and delimiter helpers","duration":1.0655999999999892,"failureMessages":[],"meta":{},"tags":[]}],"startTime":1783577549971,"endTime":1783577549979.0657,"status":"passed","message":"","name":"C:/Indian Servers/Math Universe Visualizations/src/cas/casParser.test.ts"},{"assertionResults":[{"ancestorTitles":["casResult foundation"],"fullName":"casResult foundation executes implemented CAS commands through the existing symbolic engine","status":"passed","title":"executes implemented CAS commands through the existing symbolic engine","duration":27.081500000000005,"failureMessages":[],"meta":{},"tags":[]},{"ancestorTitles":["casResult foundation"],"fullName":"casResult foundation keeps numeric mode separate from exact output","status":"passed","title":"keeps numeric mode separate from exact output","duration":1.634399999999971,"failureMessages":[],"meta":{},"tags":[]},{"ancestorTitles":["casResult foundation"],"fullName":"casResult foundation returns useful command recovery feedback before execution","status":"passed","title":"returns useful command recovery feedback before execution","duration":2.883899999999983,"failureMessages":[],"meta":{},"tags":[]},{"ancestorTitles":["casResult foundation"],"fullName":"casResult foundation executes Phase 2 algebra and equation commands through the CAS notebook evaluator","status":"passed","title":"executes Phase 2 algebra and equation commands through the CAS notebook evaluator","duration":247.87650000000002,"failureMessages":[],"meta":{},"tags":[]},{"ancestorTitles":["casResult foundation"],"fullName":"casResult foundation executes Phase 3 calculus commands through the CAS notebook evaluator","status":"passed","title":"executes Phase 3 calculus commands through the CAS notebook evaluator","duration":94.02159999999992,"failureMessages":[],"meta":{},"tags":[]},{"ancestorTitles":["casResult foundation"],"fullName":"casResult foundation executes Phase 4 linear algebra commands through the CAS notebook evaluator","status":"passed","title":"executes Phase 4 linear algebra commands through the CAS notebook evaluator","duration":6.009400000000028,"failureMessages":[],"meta":{},"tags":[]},{"ancestorTitles":["casResult foundation"],"fullName":"casResult foundation executes Phase 5 data, probability, and number theory commands through the CAS notebook evaluator","status":"passed","title":"executes Phase 5 data, probability, and number theory commands through the CAS notebook evaluator","duration":8.646299999999997,"failureMessages":[],"meta":{},"tags":[]},{"ancestorTitles":["casResult foundation"],"fullName":"casResult foundation executes Phase 6 seeded random commands reproducibly","status":"passed","title":"executes Phase 6 seeded random commands reproducibly","duration":2.8961000000000467,"failureMessages":[],"meta":{},"tags":[]},{"ancestorTitles":["casResult foundation"],"fullName":"casResult foundation executes remaining GeoGebra parity commands with concrete CAS output","status":"passed","title":"executes remaining GeoGebra parity commands with concrete CAS output","duration":30.471900000000005,"failureMessages":[],"meta":{},"tags":[]},{"ancestorTitles":["casResult foundation"],"fullName":"casResult foundation evaluates notebook rows with assignments and row references","status":"passed","title":"evaluates notebook rows with assignments and row references","duration":3.1152000000000726,"failureMessages":[],"meta":{},"tags":[]},{"ancestorTitles":["casResult foundation"],"fullName":"casResult foundation records assumptions as first-class CAS results","status":"passed","title":"records assumptions as first-class CAS results","duration":10.210300000000075,"failureMessages":[],"meta":{},"tags":[]}],"startTime":1783577527679,"endTime":1783577528114.2102,"status":"passed","message":"","name":"C:/Indian Servers/Math Universe Visualizations/src/cas/casResult.test.ts"},{"assertionResults":[{"ancestorTitles":["engineering assessment planner"],"fullName":"engineering assessment planner creates one readiness plan for every engineering domain","status":"passed","title":"creates one readiness plan for every engineering domain","duration":10.807299999999998,"failureMessages":[],"meta":{},"tags":[]},{"ancestorTitles":["engineering assessment planner"],"fullName":"engineering assessment planner adds actionable drill routes and evidence","status":"passed","title":"adds actionable drill routes and evidence","duration":0.4087000000000103,"failureMessages":[],"meta":{},"tags":[]},{"ancestorTitles":["engineering assessment planner"],"fullName":"engineering assessment planner summarizes the whole engineering exam readiness state","status":"passed","title":"summarizes the whole engineering exam readiness state","duration":0.3837000000000046,"failureMessages":[],"meta":{},"tags":[]},{"ancestorTitles":["engineering assessment planner"],"fullName":"engineering assessment planner scores mixed exam sprints with weakest-domain guidance","status":"passed","title":"scores mixed exam sprints with weakest-domain guidance","duration":0.5408000000000186,"failureMessages":[],"meta":{},"tags":[]},{"ancestorTitles":["engineering assessment planner"],"fullName":"engineering assessment planner renders the exam planner on the Engineering Mathematics hub","status":"passed","title":"renders the exam planner on the Engineering Mathematics hub","duration":1.2723000000000013,"failureMessages":[],"meta":{},"tags":[]}],"startTime":1783577544061,"endTime":1783577544074.2722,"status":"passed","message":"","name":"C:/Indian Servers/Math Universe Visualizations/src/data/engineeringAssessmentPlanner.test.ts"},{"assertionResults":[{"ancestorTitles":["engineering case studies"],"fullName":"engineering case studies covers every engineering math domain with industry scenarios","status":"passed","title":"covers every engineering math domain with industry scenarios","duration":2.095100000000002,"failureMessages":[],"meta":{},"tags":[]},{"ancestorTitles":["engineering case studies"],"fullName":"engineering case studies connects every case study to labs, formulas, evidence, and success criteria","status":"passed","title":"connects every case study to labs, formulas, evidence, and success criteria","duration":0.269299999999987,"failureMessages":[],"meta":{},"tags":[]},{"ancestorTitles":["engineering case studies"],"fullName":"engineering case studies summarizes industry depth for the hub","status":"passed","title":"summarizes industry depth for the hub","duration":0.18350000000000932,"failureMessages":[],"meta":{},"tags":[]},{"ancestorTitles":["engineering case studies"],"fullName":"engineering case studies includes recognizable engineering industries","status":"passed","title":"includes recognizable engineering industries","duration":0.1898999999999944,"failureMessages":[],"meta":{},"tags":[]},{"ancestorTitles":["engineering case studies"],"fullName":"engineering case studies renders industry case studies on the Engineering Mathematics hub","status":"passed","title":"renders industry case studies on the Engineering Mathematics hub","duration":0.8954999999999984,"failureMessages":[],"meta":{},"tags":[]}],"startTime":1783577564092,"endTime":1783577564095.8955,"status":"passed","message":"","name":"C:/Indian Servers/Math Universe Visualizations/src/data/engineeringCaseStudies.test.ts"},{"assertionResults":[{"ancestorTitles":["engineering concept coverage"],"fullName":"engineering concept coverage audits every engineering math domain across content, visual, and solver coverage","status":"passed","title":"audits every engineering math domain across content, visual, and solver coverage","duration":11.367099999999994,"failureMessages":[],"meta":{},"tags":[]},{"ancestorTitles":["engineering concept coverage"],"fullName":"engineering concept coverage summarizes remaining upgrade gaps for the hub","status":"passed","title":"summarizes remaining upgrade gaps for the hub","duration":0.5774999999999864,"failureMessages":[],"meta":{},"tags":[]},{"ancestorTitles":["engineering concept coverage"],"fullName":"engineering concept coverage renders the concept coverage audit on the Engineering Mathematics hub","status":"passed","title":"renders the concept coverage audit on the Engineering Mathematics hub","duration":1.776299999999992,"failureMessages":[],"meta":{},"tags":[]},{"ancestorTitles":["engineering concept coverage"],"fullName":"engineering concept coverage creates a unique interactive lab page for every engineering concept","status":"passed","title":"creates a unique interactive lab page for every engineering concept","duration":0.4611000000000445,"failureMessages":[],"meta":{},"tags":[]}],"startTime":1783577543844,"endTime":1783577543858.4612,"status":"passed","message":"","name":"C:/Indian Servers/Math Universe Visualizations/src/data/engineeringConceptCoverage.test.ts"},{"assertionResults":[{"ancestorTitles":["engineering dependency graph"],"fullName":"engineering dependency graph connects every engineering math domain","status":"passed","title":"connects every engineering math domain","duration":2.235100000000017,"failureMessages":[],"meta":{},"tags":[]},{"ancestorTitles":["engineering dependency graph"],"fullName":"engineering dependency graph uses only valid domain ids in edges and paths","status":"passed","title":"uses only valid domain ids in edges and paths","duration":0.25849999999999795,"failureMessages":[],"meta":{},"tags":[]},{"ancestorTitles":["engineering dependency graph"],"fullName":"engineering dependency graph returns prerequisites, unlocks, and path memberships for selected domains","status":"passed","title":"returns prerequisites, unlocks, and path memberships for selected domains","duration":0.4333000000000027,"failureMessages":[],"meta":{},"tags":[]},{"ancestorTitles":["engineering dependency graph"],"fullName":"engineering dependency graph keeps learning paths meaningful","status":"passed","title":"keeps learning paths meaningful","duration":0.26730000000000587,"failureMessages":[],"meta":{},"tags":[]},{"ancestorTitles":["engineering dependency graph"],"fullName":"engineering dependency graph renders the dependency map on the Engineering Mathematics hub","status":"passed","title":"renders the dependency map on the Engineering Mathematics hub","duration":1.2017000000000166,"failureMessages":[],"meta":{},"tags":[]}],"startTime":1783577559065,"endTime":1783577559069.2017,"status":"passed","message":"","name":"C:/Indian Servers/Math Universe Visualizations/src/data/engineeringDependencyGraph.test.ts"},{"assertionResults":[{"ancestorTitles":["engineering formula atlas"],"fullName":"engineering formula atlas covers every engineering math domain with formula cards","status":"passed","title":"covers every engineering math domain with formula cards","duration":1.8811999999999784,"failureMessages":[],"meta":{},"tags":[]},{"ancestorTitles":["engineering formula atlas"],"fullName":"engineering formula atlas gives each domain a useful formula set","status":"passed","title":"gives each domain a useful formula set","duration":1.1188999999999965,"failureMessages":[],"meta":{},"tags":[]},{"ancestorTitles":["engineering formula atlas"],"fullName":"engineering formula atlas keeps every formula route-backed into the app","status":"passed","title":"keeps every formula route-backed into the app","duration":0.2933000000000163,"failureMessages":[],"meta":{},"tags":[]},{"ancestorTitles":["engineering formula atlas"],"fullName":"engineering formula atlas finds selected-domain formula cards","status":"passed","title":"finds selected-domain formula cards","duration":0.15510000000000446,"failureMessages":[],"meta":{},"tags":[]},{"ancestorTitles":["engineering formula atlas"],"fullName":"engineering formula atlas renders formula intelligence on the Engineering Mathematics hub","status":"passed","title":"renders formula intelligence on the Engineering Mathematics hub","duration":2.6392000000000166,"failureMessages":[],"meta":{},"tags":[]}],"startTime":1783577559490,"endTime":1783577559496.6392,"status":"passed","message":"","name":"C:/Indian Servers/Math Universe Visualizations/src/data/engineeringFormulaAtlas.test.ts"},{"assertionResults":[{"ancestorTitles":["engineering lab launchers"],"fullName":"engineering lab launchers gives every engineering math domain multiple native launchers","status":"passed","title":"gives every engineering math domain multiple native launchers","duration":1.5728000000000009,"failureMessages":[],"meta":{},"tags":[]},{"ancestorTitles":["engineering lab launchers"],"fullName":"engineering lab launchers covers concept labs, formula maps, and practice-ready routes","status":"passed","title":"covers concept labs, formula maps, and practice-ready routes","duration":0.7786000000000115,"failureMessages":[],"meta":{},"tags":[]},{"ancestorTitles":["engineering lab launchers"],"fullName":"engineering lab launchers opens concept-specific labs instead of broad module placeholders","status":"passed","title":"opens concept-specific labs instead of broad module placeholders","duration":0.20310000000000628,"failureMessages":[],"meta":{},"tags":[]},{"ancestorTitles":["engineering lab launchers"],"fullName":"engineering lab launchers renders launchers on the Engineering Mathematics hub","status":"passed","title":"renders launchers on the Engineering Mathematics hub","duration":2.123199999999997,"failureMessages":[],"meta":{},"tags":[]}],"startTime":1783577565753,"endTime":1783577565757.1233,"status":"passed","message":"","name":"C:/Indian Servers/Math Universe Visualizations/src/data/engineeringLabLaunchers.test.ts"},{"assertionResults":[{"ancestorTitles":["engineering math blueprint"],"fullName":"engineering math blueprint maps the complete engineering syllabus into major B.Tech domains","status":"passed","title":"maps the complete engineering syllabus into major B.Tech domains","duration":1.8747999999999934,"failureMessages":[],"meta":{},"tags":[]},{"ancestorTitles":["engineering math blueprint"],"fullName":"engineering math blueprint keeps every engineering domain native, formula-rich, and workspace-aware","status":"passed","title":"keeps every engineering domain native, formula-rich, and workspace-aware","duration":0.7407000000000039,"failureMessages":[],"meta":{},"tags":[]},{"ancestorTitles":["engineering math blueprint"],"fullName":"engineering math blueprint covers the world-class engineering math pillars explicitly","status":"passed","title":"covers the world-class engineering math pillars explicitly","duration":0.17250000000001364,"failureMessages":[],"meta":{},"tags":[]},{"ancestorTitles":["engineering math blueprint"],"fullName":"engineering math blueprint defines phased milestones without touching protected 2D/3D workspaces","status":"passed","title":"defines phased milestones without touching protected 2D/3D workspaces","duration":0.31690000000000396,"failureMessages":[],"meta":{},"tags":[]},{"ancestorTitles":["engineering math blueprint"],"fullName":"engineering math blueprint wires the engineering math hub into app routing, navigation, and Math Lab","status":"passed","title":"wires the engineering math hub into app routing, navigation, and Math Lab","duration":2.7143999999999835,"failureMessages":[],"meta":{},"tags":[]}],"startTime":1783577563692,"endTime":1783577563697.7144,"status":"passed","message":"","name":"C:/Indian Servers/Math Universe Visualizations/src/data/engineeringMathBlueprint.test.ts"},{"assertionResults":[{"ancestorTitles":["engineering math solvers"],"fullName":"engineering math solvers solves the benchmark cubic with Newton and bisection","status":"passed","title":"solves the benchmark cubic with Newton and bisection","duration":1.600200000000001,"failureMessages":[],"meta":{},"tags":[]},{"ancestorTitles":["engineering math solvers"],"fullName":"engineering math solvers compares Euler and RK4 with RK4 closer to the exact value","status":"passed","title":"compares Euler and RK4 with RK4 closer to the exact value","duration":0.34790000000000987,"failureMessages":[],"meta":{},"tags":[]},{"ancestorTitles":["engineering math solvers"],"fullName":"engineering math solvers evaluates transform, PDE, stochastic, and vector-field presets","status":"passed","title":"evaluates transform, PDE, stochastic, and vector-field presets","duration":0.9943000000000097,"failureMessages":[],"meta":{},"tags":[]},{"ancestorTitles":["engineering math solvers"],"fullName":"engineering math solvers registers deterministic solver presets for the engineering hub","status":"passed","title":"registers deterministic solver presets for the engineering hub","duration":1.5912999999999897,"failureMessages":[],"meta":{},"tags":[]}],"startTime":1783577561127,"endTime":1783577561131.5913,"status":"passed","message":"","name":"C:/Indian Servers/Math Universe Visualizations/src/data/engineeringMathSolvers.test.ts"},{"assertionResults":[{"ancestorTitles":["engineering practice packs"],"fullName":"engineering practice packs covers every engineering math domain","status":"passed","title":"covers every engineering math domain","duration":1.8636000000000195,"failureMessages":[],"meta":{},"tags":[]},{"ancestorTitles":["engineering practice packs"],"fullName":"engineering practice packs keeps every pack useful for exam preparation","status":"passed","title":"keeps every pack useful for exam preparation","duration":1.0290999999999997,"failureMessages":[],"meta":{},"tags":[]},{"ancestorTitles":["engineering practice packs"],"fullName":"engineering practice packs keeps prompts route-backed and level-balanced","status":"passed","title":"keeps prompts route-backed and level-balanced","duration":0.3580000000000041,"failureMessages":[],"meta":{},"tags":[]},{"ancestorTitles":["engineering practice packs"],"fullName":"engineering practice packs finds the selected domain practice pack","status":"passed","title":"finds the selected domain practice pack","duration":0.25509999999999877,"failureMessages":[],"meta":{},"tags":[]},{"ancestorTitles":["engineering practice packs"],"fullName":"engineering practice packs renders practice packs on the Engineering Mathematics hub","status":"passed","title":"renders practice packs on the Engineering Mathematics hub","duration":2.2771999999999935,"failureMessages":[],"meta":{},"tags":[]}],"startTime":1783577565376,"endTime":1783577565382.277,"status":"passed","message":"","name":"C:/Indian Servers/Math Universe Visualizations/src/data/engineeringPracticePacks.test.ts"},{"assertionResults":[{"ancestorTitles":["engineering portfolio projects"],"fullName":"engineering portfolio projects covers every engineering math domain with multiple projects","status":"passed","title":"covers every engineering math domain with multiple projects","duration":2.342800000000011,"failureMessages":[],"meta":{},"tags":[]},{"ancestorTitles":["engineering portfolio projects"],"fullName":"engineering portfolio projects keeps projects route-backed with meaningful assessment artifacts","status":"passed","title":"keeps projects route-backed with meaningful assessment artifacts","duration":0.2623000000000104,"failureMessages":[],"meta":{},"tags":[]},{"ancestorTitles":["engineering portfolio projects"],"fullName":"engineering portfolio projects summarizes project depth for the hub","status":"passed","title":"summarizes project depth for the hub","duration":0.209699999999998,"failureMessages":[],"meta":{},"tags":[]},{"ancestorTitles":["engineering portfolio projects"],"fullName":"engineering portfolio projects includes recognizable engineering project briefs","status":"passed","title":"includes recognizable engineering project briefs","duration":0.19530000000000314,"failureMessages":[],"meta":{},"tags":[]},{"ancestorTitles":["engineering portfolio projects"],"fullName":"engineering portfolio projects renders portfolio projects on the Engineering Mathematics hub","status":"passed","title":"renders portfolio projects on the Engineering Mathematics hub","duration":1.6345000000000027,"failureMessages":[],"meta":{},"tags":[]}],"startTime":1783577563884,"endTime":1783577563888.6345,"status":"passed","message":"","name":"C:/Indian Servers/Math Universe Visualizations/src/data/engineeringProjects.test.ts"},{"assertionResults":[{"ancestorTitles":["engineering simulation scenarios"],"fullName":"engineering simulation scenarios adds one deterministic simulation studio scenario for every domain","status":"passed","title":"adds one deterministic simulation studio scenario for every domain","duration":2.039800000000014,"failureMessages":[],"meta":{},"tags":[]},{"ancestorTitles":["engineering simulation scenarios"],"fullName":"engineering simulation scenarios keeps live preview samples bounded and control-driven","status":"passed","title":"keeps live preview samples bounded and control-driven","duration":1.202699999999993,"failureMessages":[],"meta":{},"tags":[]},{"ancestorTitles":["engineering simulation scenarios"],"fullName":"engineering simulation scenarios renders the simulation studio on the Engineering Mathematics hub","status":"passed","title":"renders the simulation studio on the Engineering Mathematics hub","duration":3.0971999999999866,"failureMessages":[],"meta":{},"tags":[]}],"startTime":1783577556458,"endTime":1783577556464.0972,"status":"passed","message":"","name":"C:/Indian Servers/Math Universe Visualizations/src/data/engineeringSimulationScenarios.test.ts"},{"assertionResults":[{"ancestorTitles":["engineering worked examples"],"fullName":"engineering worked examples covers every engineering math domain","status":"passed","title":"covers every engineering math domain","duration":1.5204999999999984,"failureMessages":[],"meta":{},"tags":[]},{"ancestorTitles":["engineering worked examples"],"fullName":"engineering worked examples gives each domain multiple worked examples with real steps","status":"passed","title":"gives each domain multiple worked examples with real steps","duration":0.8729999999999905,"failureMessages":[],"meta":{},"tags":[]},{"ancestorTitles":["engineering worked examples"],"fullName":"engineering worked examples keeps examples route-backed into native app surfaces","status":"passed","title":"keeps examples route-backed into native app surfaces","duration":0.2366000000000099,"failureMessages":[],"meta":{},"tags":[]},{"ancestorTitles":["engineering worked examples"],"fullName":"engineering worked examples includes recognizable engineering examples","status":"passed","title":"includes recognizable engineering examples","duration":0.17270000000002028,"failureMessages":[],"meta":{},"tags":[]},{"ancestorTitles":["engineering worked examples"],"fullName":"engineering worked examples renders worked examples on the Engineering Mathematics hub","status":"passed","title":"renders worked examples on the Engineering Mathematics hub","duration":0.9048999999999978,"failureMessages":[],"meta":{},"tags":[]}],"startTime":1783577559289,"endTime":1783577559292.9048,"status":"passed","message":"","name":"C:/Indian Servers/Math Universe Visualizations/src/data/engineeringWorkedExamples.test.ts"},{"assertionResults":[{"ancestorTitles":["mathVisualDictionary"],"fullName":"mathVisualDictionary includes at least 300 enriched visual dictionary additions","status":"passed","title":"includes at least 300 enriched visual dictionary additions","duration":1.9630999999999972,"failureMessages":[],"meta":{},"tags":[]},{"ancestorTitles":["mathVisualDictionary"],"fullName":"mathVisualDictionary includes a broad math-symbol dictionary with searchable examples","status":"passed","title":"includes a broad math-symbol dictionary with searchable examples","duration":0.5681999999999903,"failureMessages":[],"meta":{},"tags":[]},{"ancestorTitles":["mathVisualDictionary"],"fullName":"mathVisualDictionary keeps term names unique","status":"passed","title":"keeps term names unique","duration":0.3748000000000218,"failureMessages":[],"meta":{},"tags":[]}],"startTime":1783577567404,"endTime":1783577567406.568,"status":"passed","message":"","name":"C:/Indian Servers/Math Universe Visualizations/src/data/mathVisualDictionary.test.ts"},{"assertionResults":[{"ancestorTitles":["NCERT concept audit"],"fullName":"NCERT concept audit has unique concept ids","status":"passed","title":"has unique concept ids","duration":1.8237000000000307,"failureMessages":[],"meta":{},"tags":[]},{"ancestorTitles":["NCERT concept audit"],"fullName":"NCERT concept audit has a supported visualization and complete learning copy for every concept","status":"passed","title":"has a supported visualization and complete learning copy for every concept","duration":5.406799999999976,"failureMessages":[],"meta":{},"tags":[]},{"ancestorTitles":["NCERT concept audit"],"fullName":"NCERT concept audit keeps slider defaults inside their configured ranges","status":"passed","title":"keeps slider defaults inside their configured ranges","duration":2.8712000000000444,"failureMessages":[],"meta":{},"tags":[]},{"ancestorTitles":["NCERT concept audit"],"fullName":"NCERT concept audit includes the Phase 2 Grade 7 NCERT alignment routes","status":"passed","title":"includes the Phase 2 Grade 7 NCERT alignment routes","duration":0.22230000000001837,"failureMessages":[],"meta":{},"tags":[]}],"startTime":1783577546913,"endTime":1783577546924.2224,"status":"passed","message":"","name":"C:/Indian Servers/Math Universe Visualizations/src/data/ncertConcepts.audit.test.ts"},{"assertionResults":[{"ancestorTitles":["olympyard progress and mock test helpers"],"fullName":"olympyard progress and mock test helpers normalizes legacy progress safely","status":"passed","title":"normalizes legacy progress safely","duration":2.2591999999999643,"failureMessages":[],"meta":{},"tags":[]},{"ancestorTitles":["olympyard progress and mock test helpers"],"fullName":"olympyard progress and mock test helpers updates totals, topic mastery, streak, and badges","status":"passed","title":"updates totals, topic mastery, streak, and badges","duration":0.9913000000000238,"failureMessages":[],"meta":{},"tags":[]},{"ancestorTitles":["olympyard progress and mock test helpers"],"fullName":"olympyard progress and mock test helpers selects configured mock questions without exceeding the requested count","status":"passed","title":"selects configured mock questions without exceeding the requested count","duration":0.7439999999999714,"failureMessages":[],"meta":{},"tags":[]},{"ancestorTitles":["olympyard progress and mock test helpers"],"fullName":"olympyard progress and mock test helpers supports weak area selection from local mastery","status":"passed","title":"supports weak area selection from local mastery","duration":0.35070000000001755,"failureMessages":[],"meta":{},"tags":[]},{"ancestorTitles":["olympyard progress and mock test helpers"],"fullName":"olympyard progress and mock test helpers selects adaptive questions from weak, undersampled, and new topic signals","status":"passed","title":"selects adaptive questions from weak, undersampled, and new topic signals","duration":9.97339999999997,"failureMessages":[],"meta":{},"tags":[]},{"ancestorTitles":["olympyard progress and mock test helpers"],"fullName":"olympyard progress and mock test helpers builds the app-wide practice spine from Olympyard progress","status":"passed","title":"builds the app-wide practice spine from Olympyard progress","duration":1.0688000000000102,"failureMessages":[],"meta":{},"tags":[]},{"ancestorTitles":["olympyard progress and mock test helpers"],"fullName":"olympyard progress and mock test helpers summarizes sessions with topic breakdown and incorrect questions","status":"passed","title":"summarizes sessions with topic breakdown and incorrect questions","duration":0.5806999999999789,"failureMessages":[],"meta":{},"tags":[]},{"ancestorTitles":["olympyard progress and mock test helpers"],"fullName":"olympyard progress and mock test helpers formats timer values","status":"passed","title":"formats timer values","duration":0.18130000000002156,"failureMessages":[],"meta":{},"tags":[]}],"startTime":1783577544381,"endTime":1783577544397.1814,"status":"passed","message":"","name":"C:/Indian Servers/Math Universe Visualizations/src/data/olympyardProgress.test.ts"},{"assertionResults":[{"ancestorTitles":["olympyard topic metadata"],"fullName":"olympyard topic metadata has unique stable topic ids and valid metadata","status":"passed","title":"has unique stable topic ids and valid metadata","duration":1.6658000000000186,"failureMessages":[],"meta":{},"tags":[]},{"ancestorTitles":["olympyard topic metadata"],"fullName":"olympyard topic metadata filters by grade band","status":"passed","title":"filters by grade band","duration":0.26240000000001373,"failureMessages":[],"meta":{},"tags":[]},{"ancestorTitles":["olympyard topic metadata"],"fullName":"olympyard topic metadata filters by difficulty","status":"passed","title":"filters by difficulty","duration":0.15160000000000196,"failureMessages":[],"meta":{},"tags":[]},{"ancestorTitles":["olympyard topic metadata"],"fullName":"olympyard topic metadata has selector metadata for all supported filters","status":"passed","title":"has selector metadata for all supported filters","duration":0.6534000000000049,"failureMessages":[],"meta":{},"tags":[]}],"startTime":1783577568472,"endTime":1783577568474.6533,"status":"passed","message":"","name":"C:/Indian Servers/Math Universe Visualizations/src/data/olympyardTopics.test.ts"},{"assertionResults":[{"ancestorTitles":["syllabus concept labs"],"fullName":"syllabus concept labs creates an interactive lab for every syllabus concept","status":"passed","title":"creates an interactive lab for every syllabus concept","duration":2.3734000000000037,"failureMessages":[],"meta":{},"tags":[]},{"ancestorTitles":["syllabus concept labs"],"fullName":"syllabus concept labs links syllabus topic cards to generated concept tools","status":"passed","title":"links syllabus topic cards to generated concept tools","duration":0.8499000000000194,"failureMessages":[],"meta":{},"tags":[]}],"startTime":1783577565180,"endTime":1783577565183.8499,"status":"passed","message":"","name":"C:/Indian Servers/Math Universe Visualizations/src/data/syllabusConceptLabs.test.ts"},{"assertionResults":[{"ancestorTitles":["syllabus intelligence"],"fullName":"syllabus intelligence summarizes readiness without server data","status":"passed","title":"summarizes readiness without server data","duration":1.658900000000017,"failureMessages":[],"meta":{},"tags":[]},{"ancestorTitles":["syllabus intelligence"],"fullName":"syllabus intelligence builds priority units with launchable recommended routes","status":"passed","title":"builds priority units with launchable recommended routes","duration":9.617099999999994,"failureMessages":[],"meta":{},"tags":[]},{"ancestorTitles":["syllabus intelligence"],"fullName":"syllabus intelligence recommends focused next lessons for a selected class","status":"passed","title":"recommends focused next lessons for a selected class","duration":1.3503000000000043,"failureMessages":[],"meta":{},"tags":[]}],"startTime":1783577545143,"endTime":1783577545156.3503,"status":"passed","message":"","name":"C:/Indian Servers/Math Universe Visualizations/src/data/syllabusIntelligence.test.ts"},{"assertionResults":[{"ancestorTitles":["unit upgrade plan"],"fullName":"unit upgrade plan covers every app topic with actionable modifications and upgrades","status":"passed","title":"covers every app topic with actionable modifications and upgrades","duration":2.0089000000000112,"failureMessages":[],"meta":{},"tags":[]},{"ancestorTitles":["unit upgrade plan"],"fullName":"unit upgrade plan covers every syllabus visual concept template","status":"passed","title":"covers every syllabus visual concept template","duration":0.30229999999997403,"failureMessages":[],"meta":{},"tags":[]},{"ancestorTitles":["unit upgrade plan"],"fullName":"unit upgrade plan keeps statistics and probability on native routes","status":"passed","title":"keeps statistics and probability on native routes","duration":0.28870000000000573,"failureMessages":[],"meta":{},"tags":[]},{"ancestorTitles":["unit upgrade plan"],"fullName":"unit upgrade plan uses dedicated upgrade rules for every syllabus unit","status":"passed","title":"uses dedicated upgrade rules for every syllabus unit","duration":0.2546000000000106,"failureMessages":[],"meta":{},"tags":[]},{"ancestorTitles":["unit upgrade plan"],"fullName":"unit upgrade plan adds Engineering Mathematics with dedicated upgrade rules","status":"passed","title":"adds Engineering Mathematics with dedicated upgrade rules","duration":0.4070999999999856,"failureMessages":[],"meta":{},"tags":[]},{"ancestorTitles":["unit upgrade plan"],"fullName":"unit upgrade plan summarizes the upgrade workload","status":"passed","title":"summarizes the upgrade workload","duration":0.22800000000000864,"failureMessages":[],"meta":{},"tags":[]}],"startTime":1783577562895,"endTime":1783577562898.407,"status":"passed","message":"","name":"C:/Indian Servers/Math Universe Visualizations/src/data/unitUpgradePlan.test.ts"},{"assertionResults":[{"ancestorTitles":["mobile native readiness"],"fullName":"mobile native readiness tracks launch-critical mobile native capabilities","status":"passed","title":"tracks launch-critical mobile native capabilities","duration":1.992699999999985,"failureMessages":[],"meta":{},"tags":[]},{"ancestorTitles":["mobile native readiness"],"fullName":"mobile native readiness documents the native app command flow","status":"passed","title":"documents the native app command flow","duration":0.6964999999999861,"failureMessages":[],"meta":{},"tags":[]}],"startTime":1783577568295,"endTime":1783577568297.6965,"status":"passed","message":"","name":"C:/Indian Servers/Math Universe Visualizations/src/mobile/mobileNativeReadiness.test.ts"},{"assertionResults":[{"ancestorTitles":["proof explanation stabilization audit"],"fullName":"proof explanation stabilization audit covers visual proofs and theorem proof surfaces","status":"passed","title":"covers visual proofs and theorem proof surfaces","duration":1.4545999999999992,"failureMessages":[],"meta":{},"tags":[]},{"ancestorTitles":["proof explanation stabilization audit"],"fullName":"proof explanation stabilization audit keeps core proof explanations structurally ready","status":"passed","title":"keeps core proof explanations structurally ready","duration":0.13579999999998904,"failureMessages":[],"meta":{},"tags":[]},{"ancestorTitles":["proof explanation stabilization audit"],"fullName":"proof explanation stabilization audit keeps theorem pages from falling back to planned placeholders","status":"passed","title":"keeps theorem pages from falling back to planned placeholders","duration":0.14519999999998845,"failureMessages":[],"meta":{},"tags":[]},{"ancestorTitles":["proof explanation stabilization audit"],"fullName":"proof explanation stabilization audit keeps draft-ready theorem proof explanations above the Phase 2 clarity floor","status":"passed","title":"keeps draft-ready theorem proof explanations above the Phase 2 clarity floor","duration":0.5836000000000183,"failureMessages":[],"meta":{},"tags":[]},{"ancestorTitles":["proof explanation stabilization audit"],"fullName":"proof explanation stabilization audit keeps phase-upgraded visual proof explanations classroom-ready across every category","status":"passed","title":"keeps phase-upgraded visual proof explanations classroom-ready across every category","duration":0.46649999999999636,"failureMessages":[],"meta":{},"tags":[]}],"startTime":1783577567795,"endTime":1783577567798.4666,"status":"passed","message":"","name":"C:/Indian Servers/Math Universe Visualizations/src/proof-explanations/proofExplanationAudit.test.ts"},{"assertionResults":[{"ancestorTitles":["curated proof learning links"],"fullName":"curated proof learning links keeps all curated formula, theorem, and visual proof targets valid","status":"passed","title":"keeps all curated formula, theorem, and visual proof targets valid","duration":2.1531999999999982,"failureMessages":[],"meta":{},"tags":[]},{"ancestorTitles":["curated proof learning links"],"fullName":"curated proof learning links links flagship formulas to theorem proofs and visual proofs","status":"passed","title":"links flagship formulas to theorem proofs and visual proofs","duration":1.059500000000014,"failureMessages":[],"meta":{},"tags":[]},{"ancestorTitles":["curated proof learning links"],"fullName":"curated proof learning links resolves theorem pages back to related formulas and visual proofs","status":"passed","title":"resolves theorem pages back to related formulas and visual proofs","duration":0.42449999999999477,"failureMessages":[],"meta":{},"tags":[]},{"ancestorTitles":["curated proof learning links"],"fullName":"curated proof learning links resolves visual proof pages back to related formulas and theorem proofs","status":"passed","title":"resolves visual proof pages back to related formulas and theorem proofs","duration":0.3269999999999982,"failureMessages":[],"meta":{},"tags":[]},{"ancestorTitles":["curated proof learning links"],"fullName":"curated proof learning links keeps the Phase 6 browser certification matrix fully resolvable","status":"passed","title":"keeps the Phase 6 browser certification matrix fully resolvable","duration":1.2247000000000128,"failureMessages":[],"meta":{},"tags":[]}],"startTime":1783577557085,"endTime":1783577557090.2246,"status":"passed","message":"","name":"C:/Indian Servers/Math Universe Visualizations/src/proof-explanations/proofLearningLinks.test.ts"},{"assertionResults":[{"ancestorTitles":["ARMathLab"],"fullName":"ARMathLab renders the Phase 6 route shell","status":"passed","title":"renders the Phase 6 route shell","duration":31.381799999999885,"failureMessages":[],"meta":{},"tags":[]}],"startTime":1783577537000,"endTime":1783577537031.3818,"status":"passed","message":"","name":"C:/Indian Servers/Math Universe Visualizations/src/pages/ARMathLab.test.tsx"},{"assertionResults":[{"ancestorTitles":["FormulaLibraryPage"],"fullName":"FormulaLibraryPage renders a compact all-formulas page with category links","status":"passed","title":"renders a compact all-formulas page with category links","duration":27.201000000000022,"failureMessages":[],"meta":{},"tags":[]},{"ancestorTitles":["FormulaLibraryPage"],"fullName":"FormulaLibraryPage renders the trigonometry category page","status":"passed","title":"renders the trigonometry category page","duration":132.65160000000003,"failureMessages":[],"meta":{},"tags":[]},{"ancestorTitles":["FormulaLibraryPage"],"fullName":"FormulaLibraryPage renders the geometry category page","status":"passed","title":"renders the geometry category page","duration":238.5485000000001,"failureMessages":[],"meta":{},"tags":[]},{"ancestorTitles":["FormulaLibraryPage"],"fullName":"FormulaLibraryPage supports grouped calculus category pages","status":"passed","title":"supports grouped calculus category pages","duration":247.13980000000015,"failureMessages":[],"meta":{},"tags":[]},{"ancestorTitles":["FormulaLibraryPage"],"fullName":"FormulaLibraryPage explains formula symbols on advanced cards","status":"passed","title":"explains formula symbols on advanced cards","duration":44.4674,"failureMessages":[],"meta":{},"tags":[]},{"ancestorTitles":["FormulaLibraryPage"],"fullName":"FormulaLibraryPage explains differential geometry arc-length notation","status":"passed","title":"explains differential geometry arc-length notation","duration":27.212099999999964,"failureMessages":[],"meta":{},"tags":[]}],"startTime":1783577522634,"endTime":1783577523351.2122,"status":"passed","message":"","name":"C:/Indian Servers/Math Universe Visualizations/src/pages/FormulaLibraryPage.test.tsx"},{"assertionResults":[{"ancestorTitles":["TheoremLibraryPage"],"fullName":"TheoremLibraryPage renders an all-theorems page with category links","status":"passed","title":"renders an all-theorems page with category links","duration":22.412999999999954,"failureMessages":[],"meta":{},"tags":[]},{"ancestorTitles":["TheoremLibraryPage"],"fullName":"TheoremLibraryPage renders a theorem category subpage","status":"passed","title":"renders a theorem category subpage","duration":116.32400000000001,"failureMessages":[],"meta":{},"tags":[]},{"ancestorTitles":["TheoremLibraryPage"],"fullName":"TheoremLibraryPage renders an individual theorem proof draft route","status":"passed","title":"renders an individual theorem proof draft route","duration":8.967800000000011,"failureMessages":[],"meta":{},"tags":[]},{"ancestorTitles":["TheoremLibraryPage"],"fullName":"TheoremLibraryPage connects theorems to visual proofs and formula sections","status":"passed","title":"connects theorems to visual proofs and formula sections","duration":8.08809999999994,"failureMessages":[],"meta":{},"tags":[]},{"ancestorTitles":["TheoremLibraryPage"],"fullName":"TheoremLibraryPage renders Phase 1 number theory theorem step proofs","status":"passed","title":"renders Phase 1 number theory theorem step proofs","duration":7.293699999999944,"failureMessages":[],"meta":{},"tags":[]},{"ancestorTitles":["TheoremLibraryPage"],"fullName":"TheoremLibraryPage renders Phase 2 geometry theorem step proofs","status":"passed","title":"renders Phase 2 geometry theorem step proofs","duration":9.879200000000083,"failureMessages":[],"meta":{},"tags":[]},{"ancestorTitles":["TheoremLibraryPage"],"fullName":"TheoremLibraryPage renders Phase 3 trigonometry theorem step proofs","status":"passed","title":"renders Phase 3 trigonometry theorem step proofs","duration":8.95799999999997,"failureMessages":[],"meta":{},"tags":[]},{"ancestorTitles":["TheoremLibraryPage"],"fullName":"TheoremLibraryPage renders Phase 4 algebra theorem step proofs","status":"passed","title":"renders Phase 4 algebra theorem step proofs","duration":8.989400000000046,"failureMessages":[],"meta":{},"tags":[]},{"ancestorTitles":["TheoremLibraryPage"],"fullName":"TheoremLibraryPage renders Phase 5 linear algebra theorem step proofs","status":"passed","title":"renders Phase 5 linear algebra theorem step proofs","duration":7.305900000000065,"failureMessages":[],"meta":{},"tags":[]},{"ancestorTitles":["TheoremLibraryPage"],"fullName":"TheoremLibraryPage renders Phase 6 coordinate geometry and calculus draft proofs","status":"passed","title":"renders Phase 6 coordinate geometry and calculus draft proofs","duration":14.91229999999996,"failureMessages":[],"meta":{},"tags":[]},{"ancestorTitles":["TheoremLibraryPage"],"fullName":"TheoremLibraryPage renders Phase 7 probability/statistics and complex number draft proofs","status":"passed","title":"renders Phase 7 probability/statistics and complex number draft proofs","duration":12.859199999999987,"failureMessages":[],"meta":{},"tags":[]},{"ancestorTitles":["TheoremLibraryPage"],"fullName":"TheoremLibraryPage renders Phase 8 discrete logic and graph theory draft proofs","status":"passed","title":"renders Phase 8 discrete logic and graph theory draft proofs","duration":19.31770000000006,"failureMessages":[],"meta":{},"tags":[]},{"ancestorTitles":["TheoremLibraryPage"],"fullName":"TheoremLibraryPage renders Phase 9 optimization and engineering draft proofs","status":"passed","title":"renders Phase 9 optimization and engineering draft proofs","duration":7.526000000000067,"failureMessages":[],"meta":{},"tags":[]},{"ancestorTitles":["TheoremLibraryPage"],"fullName":"TheoremLibraryPage keeps every theorem category fully draft-ready after proof-draft phases","status":"passed","title":"keeps every theorem category fully draft-ready after proof-draft phases","duration":0.47230000000001837,"failureMessages":[],"meta":{},"tags":[]}],"startTime":1783577529252,"endTime":1783577529506.4724,"status":"passed","message":"","name":"C:/Indian Servers/Math Universe Visualizations/src/pages/TheoremLibraryPage.test.tsx"},{"assertionResults":[{"ancestorTitles":["algebra step solver"],"fullName":"algebra step solver solves linear equation 2x + 5 = 15","status":"passed","title":"solves linear equation 2x + 5 = 15","duration":2.687999999999988,"failureMessages":[],"meta":{},"tags":[]},{"ancestorTitles":["algebra step solver"],"fullName":"algebra step solver solves linear equation 3x - 7 = 11","status":"passed","title":"solves linear equation 3x - 7 = 11","duration":0.35770000000002256,"failureMessages":[],"meta":{},"tags":[]},{"ancestorTitles":["algebra step solver"],"fullName":"algebra step solver solves linear equation -2x + 4 = 8","status":"passed","title":"solves linear equation -2x + 4 = 8","duration":0.2944000000000244,"failureMessages":[],"meta":{},"tags":[]},{"ancestorTitles":["algebra step solver"],"fullName":"algebra step solver solves linear equation x/3 + 2 = 5","status":"passed","title":"solves linear equation x/3 + 2 = 5","duration":0.24169999999998026,"failureMessages":[],"meta":{},"tags":[]},{"ancestorTitles":["algebra step solver"],"fullName":"algebra step solver handles degenerate linear equation 0x + 5 = 5","status":"passed","title":"handles degenerate linear equation 0x + 5 = 5","duration":0.29470000000000596,"failureMessages":[],"meta":{},"tags":[]},{"ancestorTitles":["algebra step solver"],"fullName":"algebra step solver handles degenerate linear equation 0x + 5 = 8","status":"passed","title":"handles degenerate linear equation 0x + 5 = 8","duration":0.16499999999999204,"failureMessages":[],"meta":{},"tags":[]},{"ancestorTitles":["algebra step solver"],"fullName":"algebra step solver solves quadratic equation x^2 - 5x + 6 = 0","status":"passed","title":"solves quadratic equation x^2 - 5x + 6 = 0","duration":0.8953999999999951,"failureMessages":[],"meta":{},"tags":[]},{"ancestorTitles":["algebra step solver"],"fullName":"algebra step solver solves quadratic equation x^2 + 5x + 6 = 0","status":"passed","title":"solves quadratic equation x^2 + 5x + 6 = 0","duration":0.24809999999999377,"failureMessages":[],"meta":{},"tags":[]},{"ancestorTitles":["algebra step solver"],"fullName":"algebra step solver solves quadratic equation x^2 - 4 = 0","status":"passed","title":"solves quadratic equation x^2 - 4 = 0","duration":0.31090000000000373,"failureMessages":[],"meta":{},"tags":[]},{"ancestorTitles":["algebra step solver"],"fullName":"algebra step solver solves quadratic equation 2x^2 - 8 = 0","status":"passed","title":"solves quadratic equation 2x^2 - 8 = 0","duration":0.32630000000000337,"failureMessages":[],"meta":{},"tags":[]},{"ancestorTitles":["algebra step solver"],"fullName":"algebra step solver solves quadratic equation x^2 - 2x + 1 = 0","status":"passed","title":"solves quadratic equation x^2 - 2x + 1 = 0","duration":0.31229999999999336,"failureMessages":[],"meta":{},"tags":[]},{"ancestorTitles":["algebra step solver"],"fullName":"algebra step solver shows repeated-root factorization with multiplicity","status":"passed","title":"shows repeated-root factorization with multiplicity","duration":0.1536000000000115,"failureMessages":[],"meta":{},"tags":[]},{"ancestorTitles":["algebra step solver"],"fullName":"algebra step solver solves rational equation (x^2 - 1)/(x - 1) = 0","status":"passed","title":"solves rational equation (x^2 - 1)/(x - 1) = 0","duration":0.6137999999999977,"failureMessages":[],"meta":{},"tags":[]},{"ancestorTitles":["algebra step solver"],"fullName":"algebra step solver solves rational equation (x + 2)/(x - 3) = 5","status":"passed","title":"solves rational equation (x + 2)/(x - 3) = 5","duration":0.4516999999999882,"failureMessages":[],"meta":{},"tags":[]},{"ancestorTitles":["algebra step solver"],"fullName":"algebra step solver solves rational equation 1/(x+1) = 2","status":"passed","title":"solves rational equation 1/(x+1) = 2","duration":0.4008000000000038,"failureMessages":[],"meta":{},"tags":[]}],"startTime":1783577555024,"endTime":1783577555031.4517,"status":"passed","message":"","name":"C:/Indian Servers/Math Universe Visualizations/src/problem-solver/algebraStepSolver.test.ts"},{"assertionResults":[{"ancestorTitles":["calculus solver"],"fullName":"calculus solver solves derivative derivative of x^3 + 2x","status":"passed","title":"solves derivative derivative of x^3 + 2x","duration":6.4178,"failureMessages":[],"meta":{},"tags":[]},{"ancestorTitles":["calculus solver"],"fullName":"calculus solver solves derivative differentiate x^2 + 5x + 6","status":"passed","title":"solves derivative differentiate x^2 + 5x + 6","duration":1.4091999999999985,"failureMessages":[],"meta":{},"tags":[]},{"ancestorTitles":["calculus solver"],"fullName":"calculus solver solves derivative d/dx x^4","status":"passed","title":"solves derivative d/dx x^4","duration":0.412900000000036,"failureMessages":[],"meta":{},"tags":[]},{"ancestorTitles":["calculus solver"],"fullName":"calculus solver solves derivative derivative of sin(x)","status":"passed","title":"solves derivative derivative of sin(x)","duration":0.48929999999995744,"failureMessages":[],"meta":{},"tags":[]},{"ancestorTitles":["calculus solver"],"fullName":"calculus solver solves integral integrate 2x","status":"passed","title":"solves integral integrate 2x","duration":0.8266000000000417,"failureMessages":[],"meta":{},"tags":[]},{"ancestorTitles":["calculus solver"],"fullName":"calculus solver solves integral integral of x^2","status":"passed","title":"solves integral integral of x^2","duration":0.47950000000003,"failureMessages":[],"meta":{},"tags":[]},{"ancestorTitles":["calculus solver"],"fullName":"calculus solver solves integral integrate x^2 + 3x","status":"passed","title":"solves integral integrate x^2 + 3x","duration":0.34559999999999036,"failureMessages":[],"meta":{},"tags":[]},{"ancestorTitles":["calculus solver"],"fullName":"calculus solver solves integral integrate cos(x)","status":"passed","title":"solves integral integrate cos(x)","duration":0.38880000000000337,"failureMessages":[],"meta":{},"tags":[]},{"ancestorTitles":["calculus solver"],"fullName":"calculus solver solves simple definite integrals with bounds","status":"passed","title":"solves simple definite integrals with bounds","duration":1.1505000000000223,"failureMessages":[],"meta":{},"tags":[]},{"ancestorTitles":["calculus solver"],"fullName":"calculus solver solves limit limit x->2 x^2 + 1","status":"passed","title":"solves limit limit x->2 x^2 + 1","duration":0.9455000000000382,"failureMessages":[],"meta":{},"tags":[]},{"ancestorTitles":["calculus solver"],"fullName":"calculus solver solves limit lim x->0 sin(x)/x","status":"passed","title":"solves limit lim x->0 sin(x)/x","duration":0.45060000000000855,"failureMessages":[],"meta":{},"tags":[]},{"ancestorTitles":["calculus solver"],"fullName":"calculus solver solves limit lim x→0 sin(x)/x","status":"passed","title":"solves limit lim x→0 sin(x)/x","duration":2.6965999999999894,"failureMessages":[],"meta":{},"tags":[]},{"ancestorTitles":["calculus solver"],"fullName":"calculus solver solves limits with a unicode arrow","status":"passed","title":"solves limits with a unicode arrow","duration":0.3587999999999738,"failureMessages":[],"meta":{},"tags":[]},{"ancestorTitles":["calculus solver"],"fullName":"calculus solver keeps derivative of x^3 + 2x out of equation routing","status":"passed","title":"keeps derivative of x^3 + 2x out of equation routing","duration":0.6381000000000085,"failureMessages":[],"meta":{},"tags":[]},{"ancestorTitles":["calculus solver"],"fullName":"calculus solver keeps integrate 2x out of equation routing","status":"passed","title":"keeps integrate 2x out of equation routing","duration":0.42870000000004893,"failureMessages":[],"meta":{},"tags":[]},{"ancestorTitles":["calculus solver"],"fullName":"calculus solver keeps limit x->0 sin(x)/x out of equation routing","status":"passed","title":"keeps limit x->0 sin(x)/x out of equation routing","duration":0.2680000000000291,"failureMessages":[],"meta":{},"tags":[]}],"startTime":1783577541459,"endTime":1783577541477.268,"status":"passed","message":"","name":"C:/Indian Servers/Math Universe Visualizations/src/problem-solver/calculusSolver.test.ts"},{"assertionResults":[{"ancestorTitles":["expression operation solver"],"fullName":"expression operation solver simplifies rational expression simplify (x^2 - 1)/(x - 1)","status":"passed","title":"simplifies rational expression simplify (x^2 - 1)/(x - 1)","duration":13.508800000000008,"failureMessages":[],"meta":{},"tags":[]},{"ancestorTitles":["expression operation solver"],"fullName":"expression operation solver simplifies rational expression reduce (x^2 - 4)/(x - 2)","status":"passed","title":"simplifies rational expression reduce (x^2 - 4)/(x - 2)","duration":5.036699999999996,"failureMessages":[],"meta":{},"tags":[]},{"ancestorTitles":["expression operation solver"],"fullName":"expression operation solver combines like terms","status":"passed","title":"combines like terms","duration":0.8526999999999987,"failureMessages":[],"meta":{},"tags":[]},{"ancestorTitles":["expression operation solver"],"fullName":"expression operation solver factors factor x^2 - 5x + 6","status":"passed","title":"factors factor x^2 - 5x + 6","duration":1.81280000000001,"failureMessages":[],"meta":{},"tags":[]},{"ancestorTitles":["expression operation solver"],"fullName":"expression operation solver factors factor x^2 - 4","status":"passed","title":"factors factor x^2 - 4","duration":0.58329999999998,"failureMessages":[],"meta":{},"tags":[]},{"ancestorTitles":["expression operation solver"],"fullName":"expression operation solver factors factor x^2 + 2x + 1","status":"passed","title":"factors factor x^2 + 2x + 1","duration":0.4859000000000151,"failureMessages":[],"meta":{},"tags":[]},{"ancestorTitles":["expression operation solver"],"fullName":"expression operation solver expands expand (x+1)^2","status":"passed","title":"expands expand (x+1)^2","duration":0.7142999999999802,"failureMessages":[],"meta":{},"tags":[]},{"ancestorTitles":["expression operation solver"],"fullName":"expression operation solver expands expand (x-2)(x+3)","status":"passed","title":"expands expand (x-2)(x+3)","duration":0.4455999999999847,"failureMessages":[],"meta":{},"tags":[]},{"ancestorTitles":["expression operation solver"],"fullName":"expression operation solver expands expand 2(x+1)(x-1)","status":"passed","title":"expands expand 2(x+1)(x-1)","duration":0.6114000000000033,"failureMessages":[],"meta":{},"tags":[]},{"ancestorTitles":["expression operation solver"],"fullName":"expression operation solver evaluates 2 + 3 * 4","status":"passed","title":"evaluates 2 + 3 * 4","duration":3.5116000000000156,"failureMessages":[],"meta":{},"tags":[]},{"ancestorTitles":["expression operation solver"],"fullName":"expression operation solver evaluates sqrt(16)","status":"passed","title":"evaluates sqrt(16)","duration":1.417599999999993,"failureMessages":[],"meta":{},"tags":[]},{"ancestorTitles":["expression operation solver"],"fullName":"expression operation solver evaluates log(100)","status":"passed","title":"evaluates log(100)","duration":0.557200000000023,"failureMessages":[],"meta":{},"tags":[]},{"ancestorTitles":["expression operation solver"],"fullName":"expression operation solver evaluates ln(e)","status":"passed","title":"evaluates ln(e)","duration":0.790600000000012,"failureMessages":[],"meta":{},"tags":[]},{"ancestorTitles":["expression operation solver"],"fullName":"expression operation solver evaluates abs(-5)","status":"passed","title":"evaluates abs(-5)","duration":1.2606000000000108,"failureMessages":[],"meta":{},"tags":[]},{"ancestorTitles":["expression operation solver"],"fullName":"expression operation solver evaluates sin(30)","status":"passed","title":"evaluates sin(30)","duration":0.7368999999999915,"failureMessages":[],"meta":{},"tags":[]},{"ancestorTitles":["expression operation solver"],"fullName":"expression operation solver evaluates cos(60)","status":"passed","title":"evaluates cos(60)","duration":0.6480999999999995,"failureMessages":[],"meta":{},"tags":[]},{"ancestorTitles":["expression operation solver"],"fullName":"expression operation solver evaluates arithmetic command sum 2, 3, 4","status":"passed","title":"evaluates arithmetic command sum 2, 3, 4","duration":0.7669999999999959,"failureMessages":[],"meta":{},"tags":[]},{"ancestorTitles":["expression operation solver"],"fullName":"expression operation solver evaluates arithmetic command add 12 18 30","status":"passed","title":"evaluates arithmetic command add 12 18 30","duration":0.5083000000000197,"failureMessages":[],"meta":{},"tags":[]},{"ancestorTitles":["expression operation solver"],"fullName":"expression operation solver evaluates arithmetic command multiply 7 and 8","status":"passed","title":"evaluates arithmetic command multiply 7 and 8","duration":0.6595999999999833,"failureMessages":[],"meta":{},"tags":[]},{"ancestorTitles":["expression operation solver"],"fullName":"expression operation solver evaluates arithmetic command mul 6 9","status":"passed","title":"evaluates arithmetic command mul 6 9","duration":0.5971999999999866,"failureMessages":[],"meta":{},"tags":[]},{"ancestorTitles":["expression operation solver"],"fullName":"expression operation solver evaluates arithmetic command subtract 3 from 10","status":"passed","title":"
[...]
ies launch adds prompt, misconception, formula, value, invariant, and visual contracts","status":"passed","title":"adds prompt, misconception, formula, value, invariant, and visual contracts","duration":2.011700000000019,"failureMessages":[],"meta":{},"tags":[]},{"ancestorTitles":["Visual Proofs phase twenty-four inequalities launch"],"fullName":"Visual Proofs phase twenty-four inequalities launch exposes route-specific Phase 24 inequality formula-token contracts","status":"passed","title":"exposes route-specific Phase 24 inequality formula-token contracts","duration":0.5117999999999938,"failureMessages":[],"meta":{},"tags":[]},{"ancestorTitles":["Visual Proofs phase twenty-four inequalities launch"],"fullName":"Visual Proofs phase twenty-four inequalities launch keeps live values aligned to inequality concepts","status":"passed","title":"keeps live values aligned to inequality concepts","duration":0.47230000000001837,"failureMessages":[],"meta":{},"tags":[]}],"startTime":1783577550859,"endTime":1783577550868.5117,"status":"passed","message":"","name":"C:/Indian Servers/Math Universe Visualizations/src/visual-proofs/data/visualProofsPhaseTwentyFour.test.tsx"},{"assertionResults":[{"ancestorTitles":["Visual Proofs phase twenty-one complex numbers launch"],"fullName":"Visual Proofs phase twenty-one complex numbers launch creates all eight Phase 21 complex-number routes as upgraded experiences","status":"passed","title":"creates all eight Phase 21 complex-number routes as upgraded experiences","duration":3.268599999999992,"failureMessages":[],"meta":{},"tags":[]},{"ancestorTitles":["Visual Proofs phase twenty-one complex numbers launch"],"fullName":"Visual Proofs phase twenty-one complex numbers launch keeps complex numbers free of generic coming-soon starter as the main experience","status":"passed","title":"keeps complex numbers free of generic coming-soon starter as the main experience","duration":1.994100000000003,"failureMessages":[],"meta":{},"tags":[]},{"ancestorTitles":["Visual Proofs phase twenty-one complex numbers launch"],"fullName":"Visual Proofs phase twenty-one complex numbers launch adds prompt, misconception, formula, value, invariant, and visual contracts","status":"passed","title":"adds prompt, misconception, formula, value, invariant, and visual contracts","duration":2.4026000000000067,"failureMessages":[],"meta":{},"tags":[]},{"ancestorTitles":["Visual Proofs phase twenty-one complex numbers launch"],"fullName":"Visual Proofs phase twenty-one complex numbers launch exposes route-specific Phase 21 complex-number contracts","status":"passed","title":"exposes route-specific Phase 21 complex-number contracts","duration":0.6037999999999784,"failureMessages":[],"meta":{},"tags":[]},{"ancestorTitles":["Visual Proofs phase twenty-one complex numbers launch"],"fullName":"Visual Proofs phase twenty-one complex numbers launch keeps live values aligned to plane points, polar form, addition, multiplication, rotations, conjugates, roots, and Euler form","status":"passed","title":"keeps live values aligned to plane points, polar form, addition, multiplication, rotations, conjugates, roots, and Euler form","duration":0.4239000000000033,"failureMessages":[],"meta":{},"tags":[]}],"startTime":1783577553991,"endTime":1783577553999.6038,"status":"passed","message":"","name":"C:/Indian Servers/Math Universe Visualizations/src/visual-proofs/data/visualProofsPhaseTwentyOne.test.tsx"},{"assertionResults":[{"ancestorTitles":["Visual Proofs phase twenty-seven engineering mathematics launch"],"fullName":"Visual Proofs phase twenty-seven engineering mathematics launch creates all eight Phase 27 engineering mathematics routes as upgraded experiences","status":"passed","title":"creates all eight Phase 27 engineering mathematics routes as upgraded experiences","duration":3.1438999999999737,"failureMessages":[],"meta":{},"tags":[]},{"ancestorTitles":["Visual Proofs phase twenty-seven engineering mathematics launch"],"fullName":"Visual Proofs phase twenty-seven engineering mathematics launch replaces engineering mathematics as a generic coming-soon starter experience","status":"passed","title":"replaces engineering mathematics as a generic coming-soon starter experience","duration":1.70150000000001,"failureMessages":[],"meta":{},"tags":[]},{"ancestorTitles":["Visual Proofs phase twenty-seven engineering mathematics launch"],"fullName":"Visual Proofs phase twenty-seven engineering mathematics launch adds prompt, misconception, formula, value, invariant, and visual contracts","status":"passed","title":"adds prompt, misconception, formula, value, invariant, and visual contracts","duration":2.470899999999972,"failureMessages":[],"meta":{},"tags":[]},{"ancestorTitles":["Visual Proofs phase twenty-seven engineering mathematics launch"],"fullName":"Visual Proofs phase twenty-seven engineering mathematics launch exposes route-specific Phase 27 formula-token contracts","status":"passed","title":"exposes route-specific Phase 27 formula-token contracts","duration":0.42250000000001364,"failureMessages":[],"meta":{},"tags":[]},{"ancestorTitles":["Visual Proofs phase twenty-seven engineering mathematics launch"],"fullName":"Visual Proofs phase twenty-seven engineering mathematics launch keeps live values aligned to applied engineering mathematics concepts","status":"passed","title":"keeps live values aligned to applied engineering mathematics concepts","duration":0.4370999999999867,"failureMessages":[],"meta":{},"tags":[]}],"startTime":1783577550250,"endTime":1783577550258.437,"status":"passed","message":"","name":"C:/Indian Servers/Math Universe Visualizations/src/visual-proofs/data/visualProofsPhaseTwentySeven.test.tsx"},{"assertionResults":[{"ancestorTitles":["Visual Proofs phase twenty-six transformations and symmetry launch"],"fullName":"Visual Proofs phase twenty-six transformations and symmetry launch creates all eight Phase 26 transformation and symmetry routes as upgraded experiences","status":"passed","title":"creates all eight Phase 26 transformation and symmetry routes as upgraded experiences","duration":3.2806999999999675,"failureMessages":[],"meta":{},"tags":[]},{"ancestorTitles":["Visual Proofs phase twenty-six transformations and symmetry launch"],"fullName":"Visual Proofs phase twenty-six transformations and symmetry launch replaces transformations and symmetry as a generic coming-soon starter experience","status":"passed","title":"replaces transformations and symmetry as a generic coming-soon starter experience","duration":2.1935999999999467,"failureMessages":[],"meta":{},"tags":[]},{"ancestorTitles":["Visual Proofs phase twenty-six transformations and symmetry launch"],"fullName":"Visual Proofs phase twenty-six transformations and symmetry launch adds prompt, misconception, formula, value, invariant, and visual contracts","status":"passed","title":"adds prompt, misconception, formula, value, invariant, and visual contracts","duration":2.215499999999963,"failureMessages":[],"meta":{},"tags":[]},{"ancestorTitles":["Visual Proofs phase twenty-six transformations and symmetry launch"],"fullName":"Visual Proofs phase twenty-six transformations and symmetry launch exposes route-specific Phase 26 formula-token contracts","status":"passed","title":"exposes route-specific Phase 26 formula-token contracts","duration":0.422300000000007,"failureMessages":[],"meta":{},"tags":[]},{"ancestorTitles":["Visual Proofs phase twenty-six transformations and symmetry launch"],"fullName":"Visual Proofs phase twenty-six transformations and symmetry launch keeps live values aligned to transformation and symmetry concepts","status":"passed","title":"keeps live values aligned to transformation and symmetry concepts","duration":0.4954999999999927,"failureMessages":[],"meta":{},"tags":[]}],"startTime":1783577548842,"endTime":1783577548850.4956,"status":"passed","message":"","name":"C:/Indian Servers/Math Universe Visualizations/src/visual-proofs/data/visualProofsPhaseTwentySix.test.tsx"},{"assertionResults":[{"ancestorTitles":["Visual Proofs phase twenty-three conic sections launch"],"fullName":"Visual Proofs phase twenty-three conic sections launch creates all eight Phase 23 conic routes as upgraded experiences","status":"passed","title":"creates all eight Phase 23 conic routes as upgraded experiences","duration":4.497299999999996,"failureMessages":[],"meta":{},"tags":[]},{"ancestorTitles":["Visual Proofs phase twenty-three conic sections launch"],"fullName":"Visual Proofs phase twenty-three conic sections launch removes conic sections as a generic coming-soon starter experience","status":"passed","title":"removes conic sections as a generic coming-soon starter experience","duration":1.470199999999977,"failureMessages":[],"meta":{},"tags":[]},{"ancestorTitles":["Visual Proofs phase twenty-three conic sections launch"],"fullName":"Visual Proofs phase twenty-three conic sections launch adds prompt, misconception, formula, value, invariant, and visual contracts","status":"passed","title":"adds prompt, misconception, formula, value, invariant, and visual contracts","duration":1.8243999999999687,"failureMessages":[],"meta":{},"tags":[]},{"ancestorTitles":["Visual Proofs phase twenty-three conic sections launch"],"fullName":"Visual Proofs phase twenty-three conic sections launch exposes route-specific Phase 23 conic formula-token contracts","status":"passed","title":"exposes route-specific Phase 23 conic formula-token contracts","duration":0.5631999999999948,"failureMessages":[],"meta":{},"tags":[]},{"ancestorTitles":["Visual Proofs phase twenty-three conic sections launch"],"fullName":"Visual Proofs phase twenty-three conic sections launch keeps live values aligned to conic geometry concepts","status":"passed","title":"keeps live values aligned to conic geometry concepts","duration":0.6886000000000081,"failureMessages":[],"meta":{},"tags":[]}],"startTime":1783577551197,"endTime":1783577551205.6887,"status":"passed","message":"","name":"C:/Indian Servers/Math Universe Visualizations/src/visual-proofs/data/visualProofsPhaseTwentyThree.test.tsx"},{"assertionResults":[{"ancestorTitles":["Visual Proofs phase twenty-two mensuration launch"],"fullName":"Visual Proofs phase twenty-two mensuration launch creates all eight Phase 22 mensuration routes as upgraded measurement scenes","status":"passed","title":"creates all eight Phase 22 mensuration routes as upgraded measurement scenes","duration":3.205100000000016,"failureMessages":[],"meta":{},"tags":[]},{"ancestorTitles":["Visual Proofs phase twenty-two mensuration launch"],"fullName":"Visual Proofs phase twenty-two mensuration launch removes mensuration as a generic coming-soon starter experience","status":"passed","title":"removes mensuration as a generic coming-soon starter experience","duration":1.9956999999999994,"failureMessages":[],"meta":{},"tags":[]},{"ancestorTitles":["Visual Proofs phase twenty-two mensuration launch"],"fullName":"Visual Proofs phase twenty-two mensuration launch adds prompt, misconception, formula, value, invariant, and visual contracts","status":"passed","title":"adds prompt, misconception, formula, value, invariant, and visual contracts","duration":1.918200000000013,"failureMessages":[],"meta":{},"tags":[]},{"ancestorTitles":["Visual Proofs phase twenty-two mensuration launch"],"fullName":"Visual Proofs phase twenty-two mensuration launch exposes route-specific Phase 22 mensuration formula-token contracts","status":"passed","title":"exposes route-specific Phase 22 mensuration formula-token contracts","duration":0.5948000000000206,"failureMessages":[],"meta":{},"tags":[]},{"ancestorTitles":["Visual Proofs phase twenty-two mensuration launch"],"fullName":"Visual Proofs phase twenty-two mensuration launch keeps live values aligned to mensuration concepts and units","status":"passed","title":"keeps live values aligned to mensuration concepts and units","duration":0.42259999999998854,"failureMessages":[],"meta":{},"tags":[]}],"startTime":1783577552607,"endTime":1783577552614.5947,"status":"passed","message":"","name":"C:/Indian Servers/Math Universe Visualizations/src/visual-proofs/data/visualProofsPhaseTwentyTwo.test.tsx"},{"assertionResults":[{"ancestorTitles":["Visual Proof export utilities"],"fullName":"Visual Proof export utilities builds stable export filenames from routes or slugs","status":"passed","title":"builds stable export filenames from routes or slugs","duration":2.4355999999999938,"failureMessages":[],"meta":{},"tags":[]},{"ancestorTitles":["Visual Proof export utilities"],"fullName":"Visual Proof export utilities extracts safe proof slugs from routes","status":"passed","title":"extracts safe proof slugs from routes","duration":0.19020000000000437,"failureMessages":[],"meta":{},"tags":[]},{"ancestorTitles":["Visual Proof export utilities"],"fullName":"Visual Proof export utilities adds an XML namespace only when one is missing","status":"passed","title":"adds an XML namespace only when one is missing","duration":0.24549999999999272,"failureMessages":[],"meta":{},"tags":[]},{"ancestorTitles":["Visual Proof export utilities"],"fullName":"Visual Proof export utilities creates an SVG blob with the expected MIME type","status":"passed","title":"creates an SVG blob with the expected MIME type","duration":0.42969999999999686,"failureMessages":[],"meta":{},"tags":[]},{"ancestorTitles":["Visual Proof export utilities"],"fullName":"Visual Proof export utilities rejects PNG conversion outside a browser canvas environment","status":"passed","title":"rejects PNG conversion outside a browser canvas environment","duration":1.2032999999999845,"failureMessages":[],"meta":{},"tags":[]}],"startTime":1783577556856,"endTime":1783577556860.2034,"status":"passed","message":"","name":"C:/Indian Servers/Math Universe Visualizations/src/visual-proofs/utils/visualProofExportUtils.test.ts"},{"assertionResults":[{"ancestorTitles":["Grade 7 NCERT math utilities"],"fullName":"Grade 7 NCERT math utilities formats large numbers in Indian and international systems","status":"passed","title":"formats large numbers in Indian and international systems","duration":16.816699999999997,"failureMessages":[],"meta":{},"tags":[]},{"ancestorTitles":["Grade 7 NCERT math utilities"],"fullName":"Grade 7 NCERT math utilities evaluates supported arithmetic expressions without unsafe eval","status":"passed","title":"evaluates supported arithmetic expressions without unsafe eval","duration":1.3756999999999948,"failureMessages":[],"meta":{},"tags":[]},{"ancestorTitles":["Grade 7 NCERT math utilities"],"fullName":"Grade 7 NCERT math utilities handles textbook decimal operations","status":"passed","title":"handles textbook decimal operations","duration":0.3434000000000026,"failureMessages":[],"meta":{},"tags":[]},{"ancestorTitles":["Grade 7 NCERT math utilities"],"fullName":"Grade 7 NCERT math utilities handles fraction arithmetic and simplification","status":"passed","title":"handles fraction arithmetic and simplification","duration":0.9279999999999973,"failureMessages":[],"meta":{},"tags":[]}],"startTime":1783577542439,"endTime":1783577542457.928,"status":"passed","message":"","name":"C:/Indian Servers/Math Universe Visualizations/src/components/ncert/grade7/grade7MathUtils.test.ts"},{"assertionResults":[{"ancestorTitles":["GeometryWorkspacePanel"],"fullName":"GeometryWorkspacePanel renders the geometry board with stable test ids","status":"passed","title":"renders the geometry board with stable test ids","duration":17.310900000000004,"failureMessages":[],"meta":{},"tags":[]},{"ancestorTitles":["GeometryWorkspacePanel"],"fullName":"GeometryWorkspacePanel renders supported geometry tools and active tool state","status":"passed","title":"renders supported geometry tools and active tool state","duration":8.875499999999988,"failureMessages":[],"meta":{},"tags":[]},{"ancestorTitles":["GeometryWorkspacePanel"],"fullName":"GeometryWorkspacePanel renders existing point line circle polygon locus and measurement marks","status":"passed","title":"renders existing point line circle polygon locus and measurement marks","duration":9.246100000000013,"failureMessages":[],"meta":{},"tags":[]},{"ancestorTitles":["GeometryWorkspacePanel"],"fullName":"GeometryWorkspacePanel can hide point labels and measurement overlays through graph settings","status":"passed","title":"can hide point labels and measurement overlays through graph settings","duration":6.85650000000004,"failureMessages":[],"meta":{},"tags":[]},{"ancestorTitles":["GeometryWorkspacePanel"],"fullName":"GeometryWorkspacePanel indicates selected objects and pending construction picks","status":"passed","title":"indicates selected objects and pending construction picks","duration":6.304700000000025,"failureMessages":[],"meta":{},"tags":[]},{"ancestorTitles":["GeometryWorkspacePanel"],"fullName":"GeometryWorkspacePanel renders polygon draft angle preview and selected image state","status":"passed","title":"renders polygon draft angle preview and selected image state","duration":5.77030000000002,"failureMessages":[],"meta":{},"tags":[]},{"ancestorTitles":["GeometryWorkspacePanel"],"fullName":"GeometryWorkspacePanel handles empty construction state safely","status":"passed","title":"handles empty construction state safely","duration":4.102599999999995,"failureMessages":[],"meta":{},"tags":[]}],"startTime":1783577533442,"endTime":1783577533500.1025,"status":"passed","message":"","name":"C:/Indian Servers/Math Universe Visualizations/src/components/workspace/panels/GeometryWorkspacePanel.test.tsx"},{"assertionResults":[{"ancestorTitles":["GraphWorkspacePanel"],"fullName":"GraphWorkspacePanel renders with one valid expression","status":"passed","title":"renders with one valid expression","duration":15.35759999999999,"failureMessages":[],"meta":{},"tags":[]},{"ancestorTitles":["GraphWorkspacePanel"],"fullName":"GraphWorkspacePanel uses smart expression rendering for graph plot input","status":"passed","title":"uses smart expression rendering for graph plot input","duration":3.453700000000026,"failureMessages":[],"meta":{},"tags":[]},{"ancestorTitles":["GraphWorkspacePanel"],"fullName":"GraphWorkspacePanel preserves the graph surface test id and renders non-empty graph marks","status":"passed","title":"preserves the graph surface test id and renders non-empty graph marks","duration":4.708900000000028,"failureMessages":[],"meta":{},"tags":[]},{"ancestorTitles":["GraphWorkspacePanel"],"fullName":"GraphWorkspacePanel renders visible validation messages with suggestions","status":"passed","title":"renders visible validation messages with suggestions","duration":2.961900000000014,"failureMessages":[],"meta":{},"tags":[]},{"ancestorTitles":["GraphWorkspacePanel"],"fullName":"GraphWorkspacePanel handles an empty expression state safely","status":"passed","title":"handles an empty expression state safely","duration":1.7381000000000313,"failureMessages":[],"meta":{},"tags":[]},{"ancestorTitles":["GraphWorkspacePanel"],"fullName":"GraphWorkspacePanel keeps existing plots visible when validation is invalid","status":"passed","title":"keeps existing plots visible when validation is invalid","duration":3.396500000000003,"failureMessages":[],"meta":{},"tags":[]},{"ancestorTitles":["GraphWorkspacePanel"],"fullName":"GraphWorkspacePanel builds the add-expression callback payload without mutating existing plots","status":"passed","title":"builds the add-expression callback payload without mutating existing plots","duration":2.613900000000001,"failureMessages":[],"meta":{},"tags":[]},{"ancestorTitles":["GraphWorkspacePanel"],"fullName":"GraphWorkspacePanel removes an expression by id","status":"passed","title":"removes an expression by id","duration":0.8555000000000064,"failureMessages":[],"meta":{},"tags":[]}],"startTime":1783577535303,"endTime":1783577535337.8555,"status":"passed","message":"","name":"C:/Indian Servers/Math Universe Visualizations/src/components/workspace/panels/GraphWorkspacePanel.test.tsx"}]}